<?xml version="1.0" encoding="UTF-8"?>
<!-- Generated by org.testng.reporters.JUnitXMLReporter -->
<testsuite ignored="1" hostname="LAPTOP-K8G460C8" failures="1" tests="5" name="Default test" time="2.115" errors="0" timestamp="2026-06-16T18:16:41 IST">
  <testcase classname="testCases.TestNGAnnotationsPractice" name="loginTest" time="0.011"/>
  <testcase classname="testCases.TestNGAnnotationsPractice" name="signupTest" time="0.002"/>
  <testcase classname="testCases.TestNGAnnotationsPractice" name="homeTest" time="0.003"/>
  <testcase classname="testCases.TestNGAnnotationsPractice" name="homeTest" time="0.002"/>
  <testcase classname="testCases.TestNGAnnotationsPractice" name="timeoutExample" time="2.014">
    <failure type="org.testng.internal.thread.ThreadTimeoutException" message="Method testCases.TestNGAnnotationsPractice.timeoutExample() didn&amp;apos;t finish within the time-out 2000">
      <![CDATA[org.testng.internal.thread.ThreadTimeoutException: Method testCases.TestNGAnnotationsPractice.timeoutExample() didn't finish within the time-out 2000
at java.base/java.lang.Thread.sleep0(Native Method)
at java.base/java.lang.Thread.sleep(Thread.java:509)
at testCases.TestNGAnnotationsPractice.timeoutExample(TestNGAnnotationsPractice.java:65)
at java.base/jdk.internal.reflect.DirectMethodHandleAccessor.invoke(DirectMethodHandleAccessor.java:103)
at java.base/java.lang.reflect.Method.invoke(Method.java:580)
at org.testng.internal.invokers.MethodInvocationHelper.invokeMethod(MethodInvocationHelper.java:141)
at org.testng.internal.invokers.InvokeMethodRunnable.runOne(InvokeMethodRunnable.java:47)
at org.testng.internal.invokers.InvokeMethodRunnable.call(InvokeMethodRunnable.java:76)
at org.testng.internal.invokers.InvokeMethodRunnable.call(InvokeMethodRunnable.java:11)
at java.base/java.util.concurrent.FutureTask.run(FutureTask.java:317)
at java.base/java.util.concurrent.ThreadPoolExecutor.runWorker(ThreadPoolExecutor.java:1144)
at java.base/java.util.concurrent.ThreadPoolExecutor$Worker.run(ThreadPoolExecutor.java:642)
at java.base/java.lang.Thread.run(Thread.java:1583)
]]>
    </failure>
  </testcase> <!-- timeoutExample -->
  <testcase classname="testCases.TestNGAnnotationsPractice" name="logoutTest" time="0.0">
    <ignored/>
  </testcase> <!-- logoutTest -->
</testsuite> <!-- Default test -->
