<?xml version="1.0" encoding="UTF-8"?>
<testng-results ignored="1" total="6" passed="4" failed="1" skipped="0">
  <reporter-output>
  </reporter-output>
  <suite started-at="2026-06-16T18:16:39 IST" name="Default suite" finished-at="2026-06-16T18:16:41 IST" duration-ms="2115">
    <groups>
      <group name="smoke">
        <method signature="TestNGAnnotationsPractice.signupTest()[pri:0, instance:testCases.TestNGAnnotationsPractice@7e6f74c]" name="signupTest" class="testCases.TestNGAnnotationsPractice"/>
      </group> <!-- smoke -->
    </groups>
    <test started-at="2026-06-16T18:16:39 IST" name="Default test" finished-at="2026-06-16T18:16:41 IST" duration-ms="2115">
      <class name="testCases.TestNGAnnotationsPractice">
        <test-method is-config="true" signature="beforeSuite()[pri:0, instance:testCases.TestNGAnnotationsPractice@7e6f74c]" started-at="2026-06-16T18:16:39 IST" name="beforeSuite" finished-at="2026-06-16T18:16:39 IST" duration-ms="8" status="PASS">
          <reporter-output>
          </reporter-output>
        </test-method> <!-- beforeSuite -->
        <test-method is-config="true" signature="beforeTest()[pri:0, instance:testCases.TestNGAnnotationsPractice@7e6f74c]" started-at="2026-06-16T18:16:39 IST" name="beforeTest" finished-at="2026-06-16T18:16:39 IST" duration-ms="0" status="PASS">
          <reporter-output>
          </reporter-output>
        </test-method> <!-- beforeTest -->
        <test-method is-config="true" signature="beforeClass()[pri:0, instance:testCases.TestNGAnnotationsPractice@7e6f74c]" started-at="2026-06-16T18:16:39 IST" name="beforeClass" finished-at="2026-06-16T18:16:39 IST" duration-ms="0" status="PASS">
          <reporter-output>
          </reporter-output>
        </test-method> <!-- beforeClass -->
        <test-method is-config="true" signature="beforeMethod()[pri:0, instance:testCases.TestNGAnnotationsPractice@7e6f74c]" started-at="2026-06-16T18:16:39 IST" name="beforeMethod" finished-at="2026-06-16T18:16:39 IST" duration-ms="0" status="PASS">
          <reporter-output>
          </reporter-output>
        </test-method> <!-- beforeMethod -->
        <test-method signature="loginTest()[pri:1, instance:testCases.TestNGAnnotationsPractice@7e6f74c]" started-at="2026-06-16T18:16:39 IST" name="loginTest" description="This is Login Test" finished-at="2026-06-16T18:16:39 IST" duration-ms="11" status="PASS">
          <reporter-output>
          </reporter-output>
        </test-method> <!-- loginTest -->
        <test-method is-config="true" signature="afterMethod()[pri:0, instance:testCases.TestNGAnnotationsPractice@7e6f74c]" started-at="2026-06-16T18:16:39 IST" name="afterMethod" finished-at="2026-06-16T18:16:39 IST" duration-ms="0" status="PASS">
          <reporter-output>
          </reporter-output>
        </test-method> <!-- afterMethod -->
        <test-method signature="signupTest()[pri:0, instance:testCases.TestNGAnnotationsPractice@7e6f74c]" started-at="2026-06-16T18:16:39 IST" name="signupTest" finished-at="2026-06-16T18:16:39 IST" depends-on-methods="testCases.TestNGAnnotationsPractice.loginTest" duration-ms="2" status="PASS">
          <reporter-output>
          </reporter-output>
        </test-method> <!-- signupTest -->
        <test-method is-config="true" signature="beforeMethod()[pri:0, instance:testCases.TestNGAnnotationsPractice@7e6f74c]" started-at="2026-06-16T18:16:39 IST" name="beforeMethod" finished-at="2026-06-16T18:16:39 IST" duration-ms="0" status="PASS">
          <reporter-output>
          </reporter-output>
        </test-method> <!-- beforeMethod -->
        <test-method is-config="true" signature="afterMethod()[pri:0, instance:testCases.TestNGAnnotationsPractice@7e6f74c]" started-at="2026-06-16T18:16:39 IST" name="afterMethod" finished-at="2026-06-16T18:16:39 IST" duration-ms="1" status="PASS">
          <reporter-output>
          </reporter-output>
        </test-method> <!-- afterMethod -->
        <test-method is-config="true" signature="beforeMethod()[pri:0, instance:testCases.TestNGAnnotationsPractice@7e6f74c]" started-at="2026-06-16T18:16:39 IST" name="beforeMethod" finished-at="2026-06-16T18:16:39 IST" duration-ms="2" status="PASS">
          <reporter-output>
          </reporter-output>
        </test-method> <!-- beforeMethod -->
        <test-method signature="homeTest()[pri:2, instance:testCases.TestNGAnnotationsPractice@7e6f74c]" started-at="2026-06-16T18:16:39 IST" name="homeTest" finished-at="2026-06-16T18:16:39 IST" duration-ms="3" status="PASS">
          <reporter-output>
          </reporter-output>
        </test-method> <!-- homeTest -->
        <test-method is-config="true" signature="afterMethod()[pri:0, instance:testCases.TestNGAnnotationsPractice@7e6f74c]" started-at="2026-06-16T18:16:39 IST" name="afterMethod" finished-at="2026-06-16T18:16:39 IST" duration-ms="1" status="PASS">
          <reporter-output>
          </reporter-output>
        </test-method> <!-- afterMethod -->
        <test-method is-config="true" signature="beforeMethod()[pri:0, instance:testCases.TestNGAnnotationsPractice@7e6f74c]" started-at="2026-06-16T18:16:39 IST" name="beforeMethod" finished-at="2026-06-16T18:16:39 IST" duration-ms="1" status="PASS">
          <reporter-output>
          </reporter-output>
        </test-method> <!-- beforeMethod -->
        <test-method signature="homeTest()[pri:2, instance:testCases.TestNGAnnotationsPractice@7e6f74c]" started-at="2026-06-16T18:16:39 IST" name="homeTest" finished-at="2026-06-16T18:16:39 IST" duration-ms="2" status="PASS">
          <reporter-output>
          </reporter-output>
        </test-method> <!-- homeTest -->
        <test-method is-config="true" signature="afterMethod()[pri:0, instance:testCases.TestNGAnnotationsPractice@7e6f74c]" started-at="2026-06-16T18:16:39 IST" name="afterMethod" finished-at="2026-06-16T18:16:39 IST" duration-ms="1" status="PASS">
          <reporter-output>
          </reporter-output>
        </test-method> <!-- afterMethod -->
        <test-method is-config="true" signature="beforeMethod()[pri:0, instance:testCases.TestNGAnnotationsPractice@7e6f74c]" started-at="2026-06-16T18:16:39 IST" name="beforeMethod" finished-at="2026-06-16T18:16:39 IST" duration-ms="1" status="PASS">
          <reporter-output>
          </reporter-output>
        </test-method> <!-- beforeMethod -->
        <test-method signature="timeoutExample()[pri:5, instance:testCases.TestNGAnnotationsPractice@7e6f74c]" started-at="2026-06-16T18:16:39 IST" name="timeoutExample" finished-at="2026-06-16T18:16:41 IST" duration-ms="2014" status="FAIL">
          <exception class="org.testng.internal.thread.ThreadTimeoutException">
            <message>
              <![CDATA[Method testCases.TestNGAnnotationsPractice.timeoutExample() didn't finish within the time-out 2000]]>
            </message>
            <full-stacktrace>
              <![CDATA[org.testng.internal.thread.ThreadTimeoutException: Method testCases.TestNGAnnotationsPractice.timeoutExample() didn't finish within the time-out 2000
at java.base/java.lang.Thread.sleep0(Native Method)
at java.base/java.lang.Thread.sleep(Thread.java:509)
at testCases.TestNGAnnotationsPractice.timeoutExample(TestNGAnnotationsPractice.java:65)
at java.base/jdk.internal.reflect.DirectMethodHandleAccessor.invoke(DirectMethodHandleAccessor.java:103)
at java.base/java.lang.reflect.Method.invoke(Method.java:580)
at org.testng.internal.invokers.MethodInvocationHelper.invokeMethod(MethodInvocationHelper.java:141)
at org.testng.internal.invokers.InvokeMethodRunnable.runOne(InvokeMethodRunnable.java:47)
at org.testng.internal.invokers.InvokeMethodRunnable.call(InvokeMethodRunnable.java:76)
at org.testng.internal.invokers.InvokeMethodRunnable.call(InvokeMethodRunnable.java:11)
at java.base/java.util.concurrent.FutureTask.run(FutureTask.java:317)
at java.base/java.util.concurrent.ThreadPoolExecutor.runWorker(ThreadPoolExecutor.java:1144)
at java.base/java.util.concurrent.ThreadPoolExecutor$Worker.run(ThreadPoolExecutor.java:642)
at java.base/java.lang.Thread.run(Thread.java:1583)
]]>
            </full-stacktrace>
          </exception> <!-- org.testng.internal.thread.ThreadTimeoutException -->
          <reporter-output>
          </reporter-output>
        </test-method> <!-- timeoutExample -->
        <test-method is-config="true" signature="afterMethod()[pri:0, instance:testCases.TestNGAnnotationsPractice@7e6f74c]" started-at="2026-06-16T18:16:41 IST" name="afterMethod" finished-at="2026-06-16T18:16:41 IST" duration-ms="1" status="PASS">
          <reporter-output>
          </reporter-output>
        </test-method> <!-- afterMethod -->
        <test-method is-config="true" signature="afterClass()[pri:0, instance:testCases.TestNGAnnotationsPractice@7e6f74c]" started-at="2026-06-16T18:16:41 IST" name="afterClass" finished-at="2026-06-16T18:16:41 IST" duration-ms="2" status="PASS">
          <reporter-output>
          </reporter-output>
        </test-method> <!-- afterClass -->
        <test-method is-config="true" signature="afterTest()[pri:0, instance:testCases.TestNGAnnotationsPractice@7e6f74c]" started-at="2026-06-16T18:16:41 IST" name="afterTest" finished-at="2026-06-16T18:16:41 IST" duration-ms="1" status="PASS">
          <reporter-output>
          </reporter-output>
        </test-method> <!-- afterTest -->
        <test-method is-config="true" signature="afterSuite()[pri:0, instance:testCases.TestNGAnnotationsPractice@7e6f74c]" started-at="2026-06-16T18:16:41 IST" name="afterSuite" finished-at="2026-06-16T18:16:41 IST" duration-ms="1" status="PASS">
          <reporter-output>
          </reporter-output>
        </test-method> <!-- afterSuite -->
      </class> <!-- testCases.TestNGAnnotationsPractice -->
    </test> <!-- Default test -->
  </suite> <!-- Default suite -->
</testng-results>
