<?xml version="1.0" encoding="UTF-8"?>
<!-- Generated by org.testng.reporters.JUnitReportReporter -->
<testsuite hostname="LAPTOP-K8G460C8" failures="0" tests="3" name="testCases.FirstTestNgClass" time="0.017" errors="0" timestamp="2026-06-16T14:18:33 IST" skipped="0">
  <testcase classname="testCases.FirstTestNgClass" name="searchTest" time="0.002"/>
  <testcase classname="testCases.FirstTestNgClass" name="loginTest" time="0.014"/>
  <testcase classname="testCases.FirstTestNgClass" name="logoutTest" time="0.001"/>
</testsuite> <!-- testCases.FirstTestNgClass -->
