<?xml version="1.0" encoding="UTF-8"?>
<!-- Generated by org.testng.reporters.JUnitReportReporter -->
<testsuite hostname="LAPTOP-K8G460C8" failures="0" tests="6" name="testCases.TestNGAnnotationsPractice" time="2.040" errors="1" timestamp="2026-06-16T18:16:41 IST" skipped="1">
  <testcase classname="testCases.TestNGAnnotationsPractice" name="signupTest" time="0.003"/>
  <testcase classname="testCases.TestNGAnnotationsPractice" name="loginTest" time="0.013"/>
  <testcase classname="testCases.TestNGAnnotationsPractice" name="homeTest" time="0.004"/>
  <testcase classname="testCases.TestNGAnnotationsPractice" name="homeTest" time="0.004"/>
  <testcase classname="testCases.TestNGAnnotationsPractice" name="timeoutExample" time="2.016">
    <error message="Method testCases.TestNGAnnotationsPractice.timeoutExample() didn&#039;t finish within the time-out 2000" type="org.testng.internal.thread.ThreadTimeoutException">
      <![CDATA[org.testng.internal.thread.ThreadTimeoutException: Method testCases.TestNGAnnotationsPractice.timeoutExample() didn't finish within the time-out 2000
at java.base/java.lang.Thread.sleep0(Native Method)
at java.base/java.lang.Thread.sleep(Thread.java:509)
at testCases.TestNGAnnotationsPractice.timeoutExample(TestNGAnnotationsPractice.java:65)
at java.base/jdk.internal.reflect.DirectMethodHandleAccessor.invoke(DirectMethodHandleAccessor.java:103)
at java.base/java.lang.reflect.Method.invoke(Method.java:580)
at org.testng.internal.invokers.MethodInvocationHelper.invokeMethod(MethodInvocationHelper.java:141)
at org.testng.internal.invokers.InvokeMethodRunnable.runOne(InvokeMethodRunnable.java:47)
at org.testng.internal.invokers.InvokeMethodRunnable.call(InvokeMethodRunnable.java:76)
at org.testng.internal.invokers.InvokeMethodRunnable.call(InvokeMethodRunnable.java:11)
at java.base/java.util.concurrent.FutureTask.run(FutureTask.java:317)
at java.base/java.util.concurrent.ThreadPoolExecutor.runWorker(ThreadPoolExecutor.java:1144)
at java.base/java.util.concurrent.ThreadPoolExecutor$Worker.run(ThreadPoolExecutor.java:642)
at java.base/java.lang.Thread.run(Thread.java:1583)
]]>
    </error>
  </testcase> <!-- timeoutExample -->
  <testcase classname="testCases.TestNGAnnotationsPractice" name="logoutTest">
    <skipped/>
  </testcase> <!-- logoutTest -->
</testsuite> <!-- testCases.TestNGAnnotationsPractice -->
